<?xml version="1.0" encoding="UTF-8"?>
<testsuite xmlns:xsi="http://www.w3.org/2001/XMLSchema-instance" xsi:noNamespaceSchemaLocation="https://maven.apache.org/surefire/maven-surefire-plugin/xsd/surefire-test-report-3.0.xsd" version="3.0" name="com.example.otp.controllers.ApiEndpointsIntegrationTest" time="10.337" tests="7" errors="0" skipped="0" failures="0">
  <properties>
[...]
</properties>
  <testcase name="userEndpoints_getAllAndGetById_requireToken" classname="com.example.otp.controllers.ApiEndpointsIntegrationTest" time="1.988">
    <system-err><![CDATA[[main] INFO io.javalin.Javalin - Starting Javalin ...
[main] INFO org.eclipse.jetty.server.Server - jetty-11.0.25; built: 2025-03-13T00:15:57.301Z; git: a2e9fae3ad8320f2a713d4fa29bba356a99d1295; jvm 21.0.10+7-Ubuntu-124.04
[main] INFO org.eclipse.jetty.server.session.DefaultSessionIdManager - Session workerName=node0
[main] INFO org.eclipse.jetty.server.handler.ContextHandler - Started o.e.j.s.ServletContextHandler@5f409872{/,null,AVAILABLE}
[main] INFO org.eclipse.jetty.server.AbstractConnector - Started ServerConnector@37d28938{HTTP/1.1, (http/1.1)}{0.0.0.0:43811}
[main] INFO org.eclipse.jetty.server.Server - Started Server@51f68849{STARTING}[11.0.25,sto=0] @1298ms
[main] INFO io.javalin.Javalin - 
       __                  ___           _____
      / /___ __   ______ _/ (_)___      / ___/
 __  / / __ `/ | / / __ `/ / / __ \    / __ \
/ /_/ / /_/ /| |/ / /_/ / / / / / /   / /_/ /
\____/\__,_/ |___/\__,_/_/_/_/ /_/    \____/

       https://javalin.io/documentation

[main] INFO io.javalin.Javalin - Javalin started in 248ms \o/
[main] INFO io.javalin.Javalin - Listening on http://localhost:43811/
[main] INFO io.javalin.Javalin - You are running Javalin 6.7.0 (released June 22, 2025. Your Javalin version is 254 days old. Consider checking for a newer version.).
]]></system-err>
  </testcase>
  <testcase name="reviewEndpoints_allRoutesCoveredWithOwnership" classname="com.example.otp.controllers.ApiEndpointsIntegrationTest" time="1.205"/>
  <testcase name="adminEndpoint_createTeacher_deprecated" classname="com.example.otp.controllers.ApiEndpointsIntegrationTest" time="1.074"/>
  <testcase name="courseEndpoints_allRoutesCovered" classname="com.example.otp.controllers.ApiEndpointsIntegrationTest" time="1.117"/>
  <testcase name="materialEndpoints_allRoutesCovered" classname="com.example.otp.controllers.ApiEndpointsIntegrationTest" time="1.153"/>
  <testcase name="authEndpoints_registerAndLogin" classname="com.example.otp.controllers.ApiEndpointsIntegrationTest" time="1.886">
    <system-out><![CDATA[[REGISTRATION] Received registration request
[REGISTRATION] Username: new_student, Email: new_student@example.com
[REGISTRATION] Creating user in database: new_student
[REGISTRATION] User created successfully with ID: 157
]]></system-out>
  </testcase>
  <testcase name="participantEndpoints_allRoutesCovered" classname="com.example.otp.controllers.ApiEndpointsIntegrationTest" time="1.145"/>
</testsuite>